<?xml version="1.0" encoding="UTF-8"?>
<!-- Generated by org.testng.reporters.JUnitReportReporter -->
<testsuite hostname="DESKTOP-T69T9VJ" failures="0" tests="1" name="testCases.TC001AccountRegistrationTest" time="4.516" errors="0" timestamp="2024-08-01T15:33:42 IST" skipped="0">
  <testcase classname="testCases.TC001AccountRegistrationTest" name="verift_account_registration" time="4.516"/>
</testsuite> <!-- testCases.TC001AccountRegistrationTest -->
