<?xml version="1.0" encoding="UTF-8"?>
<!-- Generated by org.testng.reporters.JUnitReportReporter -->
<testsuite hostname="DESKTOP-T69T9VJ" failures="0" tests="1" name="testCases.TC002_LoginTest" time="5.934" errors="0" timestamp="2024-08-03T16:26:14 IST" skipped="0">
  <testcase classname="testCases.TC002_LoginTest" name="verify_login" time="5.934"/>
</testsuite> <!-- testCases.TC002_LoginTest -->
